Tue.May.31.2016.8:35pm

Adidas	Football Brazuca Fifa World Cup Brazil 2014	USD	85.51	amazon.com
Country: France, Name: USD/EUR, Rate: 0.8976 --> Local Price: 76.75378
Country: China, Name: USD/CNY, Rate: 6.5827 --> Local Price: 562.88666
Country: United Kingdom, Name: USD/GBP, Rate: 0.684 --> Local Price: 58.488842
Country: Ukraine, Name: USD/UAH, Rate: 25.175 --> Local Price: 2152.7144
Country: Russian Federation, Name: USD/RUB, Rate: 65.9581 --> Local Price: 5640.077
--------------------------------------------------------------------------------------------
Withings	Pulse Wireless Activity Tracker + Sleep	USD	73.39	amazon.com
Country: France, Name: USD/EUR, Rate: 0.8976 --> Local Price: 65.87486
Country: China, Name: USD/CNY, Rate: 6.5765 --> Local Price: 482.64932
Country: United Kingdom, Name: USD/GBP, Rate: 0.684 --> Local Price: 50.19876
Country: Ukraine, Name: USD/UAH, Rate: 25.175 --> Local Price: 1847.5931
Country: Russian Federation, Name: USD/RUB, Rate: 65.9531 --> Local Price: 4840.2983
--------------------------------------------------------------------------------------------
Samsung	Galaxy Grand Prime Dual Sim Factory Unlocked	USD	145.94	amazon.com
Country: France, Name: USD/EUR, Rate: 0.8978 --> Local Price: 131.02493
Country: China, Name: USD/CNY, Rate: 6.5827 --> Local Price: 960.6792
Country: United Kingdom, Name: USD/GBP, Rate: 0.684 --> Local Price: 99.82297
Country: Ukraine, Name: USD/UAH, Rate: 25.175 --> Local Price: 3674.0396
Country: Russian Federation, Name: USD/RUB, Rate: 65.9581 --> Local Price: 9625.925
--------------------------------------------------------------------------------------------
GoPro	GoPro HERO3+ Black Edition Adventure Camera	USD	328.99	amazon.com
Country: France, Name: USD/EUR, Rate: 0.8976 --> Local Price: 295.30142
Country: China, Name: USD/CNY, Rate: 6.5827 --> Local Price: 2165.6423
Country: United Kingdom, Name: USD/GBP, Rate: 0.684 --> Local Price: 225.02916
Country: Ukraine, Name: USD/UAH, Rate: 25.175 --> Local Price: 8282.322
Country: Russian Federation, Name: USD/RUB, Rate: 65.9675 --> Local Price: 21702.646
--------------------------------------------------------------------------------------------
Apple	iPhone 6s 64 GB US Warranty Unlocked	USD	829.09	amazon.com
Country: France, Name: USD/EUR, Rate: 0.8976 --> Local Price: 744.1912
Country: China, Name: USD/CNY, Rate: 6.5827 --> Local Price: 5457.651
Country: United Kingdom, Name: USD/GBP, Rate: 0.684 --> Local Price: 567.0976
Country: Ukraine, Name: USD/UAH, Rate: 25.175 --> Local Price: 20872.34
Country: Russian Federation, Name: USD/RUB, Rate: 66.036 --> Local Price: 54749.793
--------------------------------------------------------------------------------------------

Wen.June.1.2016.11:39pm

Adidas	Football Brazuca Fifa World Cup Brazil 2014	USD	85.51	amazon.com
Country: France, Name: USD/EUR, Rate: 0.8933 --> Local Price: 76.386086
Country: China, Name: USD/CNY, Rate: 6.5787 --> Local Price: 562.5447
Country: United Kingdom, Name: USD/GBP, Rate: 0.6936 --> Local Price: 59.30974
Country: Ukraine, Name: USD/UAH, Rate: 25.075 --> Local Price: 2144.1633
Country: Russian Federation, Name: USD/RUB, Rate: 67.1767 --> Local Price: 5744.2793
--------------------------------------------------------------------------------------------
Withings	Pulse Wireless Activity Tracker + Sleep	USD	73.39	amazon.com
Country: France, Name: USD/EUR, Rate: 0.8963 --> Local Price: 65.77946
Country: China, Name: USD/CNY, Rate: 6.5809 --> Local Price: 482.97226
Country: United Kingdom, Name: USD/GBP, Rate: 0.6909 --> Local Price: 50.705154
Country: Ukraine, Name: USD/UAH, Rate: 25.075 --> Local Price: 1840.2543
Country: Russian Federation, Name: USD/RUB, Rate: 67.1788 --> Local Price: 4930.2524
--------------------------------------------------------------------------------------------
Samsung	Galaxy Grand Prime Dual Sim Factory Unlocked	USD	145.94	amazon.com
Country: France, Name: USD/EUR, Rate: 0.8957 --> Local Price: 130.71846
Country: China, Name: USD/CNY, Rate: 6.5769 --> Local Price: 959.8328
Country: United Kingdom, Name: USD/GBP, Rate: 0.6937 --> Local Price: 101.23858
Country: Ukraine, Name: USD/UAH, Rate: 25.075 --> Local Price: 3659.4456
Country: Russian Federation, Name: USD/RUB, Rate: 67.1359 --> Local Price: 9797.813
--------------------------------------------------------------------------------------------
GoPro	GoPro HERO3+ Black Edition Adventure Camera	USD	328.99	amazon.com
Country: France, Name: USD/EUR, Rate: 0.8963 --> Local Price: 294.87375
Country: China, Name: USD/CNY, Rate: 6.5787 --> Local Price: 2164.3264
Country: United Kingdom, Name: USD/GBP, Rate: 0.6936 --> Local Price: 228.18745
Country: Ukraine, Name: USD/UAH, Rate: 25.075 --> Local Price: 8249.424
Country: Russian Federation, Name: USD/RUB, Rate: 67.1767 --> Local Price: 22100.46
--------------------------------------------------------------------------------------------
Apple	iPhone 6s 64 GB US Warranty Unlocked	USD	829.09	amazon.com
Country: France, Name: USD/EUR, Rate: 0.8957 --> Local Price: 742.6159
Country: China, Name: USD/CNY, Rate: 6.5819 --> Local Price: 5456.988
Country: United Kingdom, Name: USD/GBP, Rate: 0.6924 --> Local Price: 574.0619
Country: Ukraine, Name: USD/UAH, Rate: 25.075 --> Local Price: 20789.434
Country: Russian Federation, Name: USD/RUB, Rate: 67.1359 --> Local Price: 55661.707
--------------------------------------------------------------------------------------------
